{"uuid":"fb1b0594-480a-4494-a7d0-cc02fe65b0c6","historyId":"78efac809fa0287da36369d20726add3","fullName":"com.example.tests.transformationCreationTest.transCreations","labels":[{"name":"package","value":"com.example.tests.transformationCreationTest"},{"name":"testClass","value":"com.example.tests.transformationCreationTest"},{"name":"testMethod","value":"transCreations"},{"name":"parentSuite","value":"Default Suite"},{"name":"suite","value":"Macre UI"},{"name":"subSuite","value":"com.example.tests.transformationCreationTest"},{"name":"host","value":"AIPLLTH311"},{"name":"thread","value":"1952@AIPLLTH311.main(1)"},{"name":"framework","value":"testng"},{"name":"language","value":"java"}],"links":[],"name":"transCreations","status":"broken","statusDetails":{"known":false,"muted":false,"flaky":false,"message":"Failed to enter text in field: Transformation Name","trace":"java.lang.RuntimeException: Failed to enter text in field: Transformation Name\r\n\tat org.taxilla.com.example.TransformationCreation.enterText(TransformationCreation.java:316)\r\n\tat org.taxilla.com.example.TransformationCreation.configureSource(TransformationCreation.java:346)\r\n\tat com.example.tests.transformationCreationTest.transCreations(transformationCreationTest.java:80)\r\n\tat java.base/jdk.internal.reflect.NativeMethodAccessorImpl.invoke0(Native Method)\r\n\tat java.base/jdk.internal.reflect.NativeMethodAccessorImpl.invoke(NativeMethodAccessorImpl.java:77)\r\n\tat java.base/jdk.internal.reflect.DelegatingMethodAccessorImpl.invoke(DelegatingMethodAccessorImpl.java:43)\r\n\tat java.base/java.lang.reflect.Method.invoke(Method.java:569)\r\n\tat org.testng.internal.invokers.MethodInvocationHelper.invokeMethod(MethodInvocationHelper.java:139)\r\n\tat org.testng.internal.invokers.TestInvoker.invokeMethod(TestInvoker.java:677)\r\n\tat org.testng.internal.invokers.TestInvoker.invokeTestMethod(TestInvoker.java:221)\r\n\tat org.testng.internal.invokers.MethodRunner.runInSequence(MethodRunner.java:50)\r\n\tat org.testng.internal.invokers.TestInvoker$MethodInvocationAgent.invoke(TestInvoker.java:969)\r\n\tat org.testng.internal.invokers.TestInvoker.invokeTestMethods(TestInvoker.java:194)\r\n\tat org.testng.internal.invokers.TestMethodWorker.invokeTestMethods(TestMethodWorker.java:148)\r\n\tat org.testng.internal.invokers.TestMethodWorker.run(TestMethodWorker.java:128)\r\n\tat java.base/java.util.ArrayList.forEach(ArrayList.java:1511)\r\n\tat org.testng.TestRunner.privateRun(TestRunner.java:829)\r\n\tat org.testng.TestRunner.run(TestRunner.java:602)\r\n\tat org.testng.SuiteRunner.runTest(SuiteRunner.java:437)\r\n\tat org.testng.SuiteRunner.runSequentially(SuiteRunner.java:431)\r\n\tat org.testng.SuiteRunner.privateRun(SuiteRunner.java:391)\r\n\tat org.testng.SuiteRunner.run(SuiteRunner.java:330)\r\n\tat org.testng.SuiteRunnerWorker.runSuite(SuiteRunnerWorker.java:52)\r\n\tat org.testng.SuiteRunnerWorker.run(SuiteRunnerWorker.java:95)\r\n\tat org.testng.TestNG.runSuitesSequentially(TestNG.java:1256)\r\n\tat org.testng.TestNG.runSuitesLocally(TestNG.java:1176)\r\n\tat org.testng.TestNG.runSuites(TestNG.java:1099)\r\n\tat org.testng.TestNG.run(TestNG.java:1067)\r\n\tat com.intellij.rt.testng.IDEARemoteTestNG.run(IDEARemoteTestNG.java:66)\r\n\tat com.intellij.rt.testng.RemoteTestNGStarter.main(RemoteTestNGStarter.java:105)\r\nCaused by: org.openqa.selenium.TimeoutException: Expected condition failed: waiting for org.taxilla.com.example.TransformationCreation$$Lambda$793/0x000001be1b3b24d8@504497fa (tried for 60 second(s) with 500 milliseconds interval)\nBuild info: version: '4.20.0', revision: '866c76ca80'\nSystem info: os.name: 'Windows 11', os.arch: 'amd64', os.version: '10.0', java.version: '17.0.13'\nDriver info: driver.version: unknown\r\n\tat org.openqa.selenium.support.ui.FluentWait.timeoutException(FluentWait.java:265)\r\n\tat org.openqa.selenium.support.ui.FluentWait.until(FluentWait.java:228)\r\n\tat org.taxilla.com.example.TransformationCreation.waitWithFluentWait(TransformationCreation.java:204)\r\n\tat org.taxilla.com.example.TransformationCreation.waitForElementToBeClickable(TransformationCreation.java:213)\r\n\tat org.taxilla.com.example.TransformationCreation.enterText(TransformationCreation.java:300)\r\n\t... 29 more\r\n"},"stage":"finished","steps":[],"attachments":[],"parameters":[],"start":1737712663883,"stop":1737712757395}